Determining if the pthread_create exist failed with the following output:
Change Dir: /media/monster/学习资料/网课/github repository/slam-car/myslam_/build/CMakeFiles/CMakeTmp

Run Build Command:"/usr/bin/make" "cmTC_086dd/fast"
/usr/bin/make -f CMakeFiles/cmTC_086dd.dir/build.make CMakeFiles/cmTC_086dd.dir/build
make[1]: 进入目录“/media/monster/学习资料/网课/github repository/slam-car/myslam_/build/CMakeFiles/CMakeTmp”
Building C object CMakeFiles/cmTC_086dd.dir/CheckSymbolExists.c.o
/usr/bin/cc    -o CMakeFiles/cmTC_086dd.dir/CheckSymbolExists.c.o   -c "/media/monster/学习资料/网课/github repository/slam-car/myslam_/build/CMakeFiles/CMakeTmp/CheckSymbolExists.c"
Linking C executable cmTC_086dd
/usr/bin/cmake -E cmake_link_script CMakeFiles/cmTC_086dd.dir/link.txt --verbose=1
/usr/bin/cc      -rdynamic CMakeFiles/cmTC_086dd.dir/CheckSymbolExists.c.o  -o cmTC_086dd 
CMakeFiles/cmTC_086dd.dir/CheckSymbolExists.c.o：在函数‘main’中：
CheckSymbolExists.c:(.text+0x1b)：对‘pthread_create’未定义的引用
collect2: error: ld returned 1 exit status
CMakeFiles/cmTC_086dd.dir/build.make:97: recipe for target 'cmTC_086dd' failed
make[1]: *** [cmTC_086dd] Error 1
make[1]: 离开目录“/media/monster/学习资料/网课/github repository/slam-car/myslam_/build/CMakeFiles/CMakeTmp”
Makefile:126: recipe for target 'cmTC_086dd/fast' failed
make: *** [cmTC_086dd/fast] Error 2

File /media/monster/学习资料/网课/github repository/slam-car/myslam_/build/CMakeFiles/CMakeTmp/CheckSymbolExists.c:
/* */
#include <pthread.h>

int main(int argc, char** argv)
{
  (void)argv;
#ifndef pthread_create
  return ((int*)(&pthread_create))[argc];
#else
  (void)argc;
  return 0;
#endif
}

Determining if the function pthread_create exists in the pthreads failed with the following output:
Change Dir: /media/monster/学习资料/网课/github repository/slam-car/myslam_/build/CMakeFiles/CMakeTmp

Run Build Command:"/usr/bin/make" "cmTC_9dea9/fast"
/usr/bin/make -f CMakeFiles/cmTC_9dea9.dir/build.make CMakeFiles/cmTC_9dea9.dir/build
make[1]: 进入目录“/media/monster/学习资料/网课/github repository/slam-car/myslam_/build/CMakeFiles/CMakeTmp”
Building C object CMakeFiles/cmTC_9dea9.dir/CheckFunctionExists.c.o
/usr/bin/cc   -DCHECK_FUNCTION_EXISTS=pthread_create   -o CMakeFiles/cmTC_9dea9.dir/CheckFunctionExists.c.o   -c /usr/share/cmake-3.10/Modules/CheckFunctionExists.c
Linking C executable cmTC_9dea9
/usr/bin/cmake -E cmake_link_script CMakeFiles/cmTC_9dea9.dir/link.txt --verbose=1
/usr/bin/cc  -DCHECK_FUNCTION_EXISTS=pthread_create    -rdynamic CMakeFiles/cmTC_9dea9.dir/CheckFunctionExists.c.o  -o cmTC_9dea9 -lpthreads 
/usr/bin/ld: 找不到 -lpthreads
collect2: error: ld returned 1 exit status
CMakeFiles/cmTC_9dea9.dir/build.make:97: recipe for target 'cmTC_9dea9' failed
make[1]: *** [cmTC_9dea9] Error 1
make[1]: 离开目录“/media/monster/学习资料/网课/github repository/slam-car/myslam_/build/CMakeFiles/CMakeTmp”
Makefile:126: recipe for target 'cmTC_9dea9/fast' failed
make: *** [cmTC_9dea9/fast] Error 2


